<?xml version="1.0" encoding="UTF-8"?>
<!-- Generated by org.testng.reporters.JUnitXMLReporter -->
<testsuite hostname="HP" ignored="0" name="Test" tests="6" failures="0" timestamp="2021-05-25T06:41:25 IST" time="0.075" errors="0">
  <testcase name="deviceStimulation" time="0.01" classname="SeleniumAutomation.MavenJava.AppiumTest"/>
  <testcase name="mobileElements" time="0.001" classname="SeleniumAutomation.MavenJava.AppiumTest"/>
  <testcase name="errorCode" time="0.001" classname="SeleniumAutomation.MavenJava.RestAPITest"/>
  <testcase name="postJira" time="0.001" classname="SeleniumAutomation.MavenJava.RestAPITest"/>
  <testcase name="browserAutomation" time="0.0" classname="SeleniumAutomation.MavenJava.SeleniumTest"/>
  <testcase name="uiElements" time="0.0" classname="SeleniumAutomation.MavenJava.SeleniumTest"/>
</testsuite> <!-- Test -->
