<?xml version="1.0" encoding="UTF-8"?>
<testng-results skipped="0" failed="0" ignored="0" total="6" passed="6">
  <reporter-output>
  </reporter-output>
  <suite name="Suite" duration-ms="75" started-at="2021-05-25T06:41:25 IST" finished-at="2021-05-25T06:41:25 IST">
    <groups>
    </groups>
    <test name="Test" duration-ms="75" started-at="2021-05-25T06:41:25 IST" finished-at="2021-05-25T06:41:25 IST">
      <class name="SeleniumAutomation.MavenJava.AppiumTest">
        <test-method status="PASS" signature="deviceStimulation()[pri:0, instance:SeleniumAutomation.MavenJava.AppiumTest@5ce81285]" name="deviceStimulation" duration-ms="10" started-at="2021-05-25T06:41:25 IST" finished-at="2021-05-25T06:41:25 IST">
          <reporter-output>
          </reporter-output>
        </test-method> <!-- deviceStimulation -->
        <test-method status="PASS" signature="mobileElements()[pri:0, instance:SeleniumAutomation.MavenJava.AppiumTest@5ce81285]" name="mobileElements" duration-ms="1" started-at="2021-05-25T06:41:25 IST" finished-at="2021-05-25T06:41:25 IST">
          <reporter-output>
          </reporter-output>
        </test-method> <!-- mobileElements -->
      </class> <!-- SeleniumAutomation.MavenJava.AppiumTest -->
      <class name="SeleniumAutomation.MavenJava.SeleniumTest">
        <test-method status="PASS" signature="browserAutomation()[pri:0, instance:SeleniumAutomation.MavenJava.SeleniumTest@5ec0a365]" name="browserAutomation" duration-ms="0" started-at="2021-05-25T06:41:25 IST" finished-at="2021-05-25T06:41:25 IST">
          <reporter-output>
          </reporter-output>
        </test-method> <!-- browserAutomation -->
        <test-method status="PASS" signature="uiElements()[pri:0, instance:SeleniumAutomation.MavenJava.SeleniumTest@5ec0a365]" name="uiElements" duration-ms="0" started-at="2021-05-25T06:41:25 IST" finished-at="2021-05-25T06:41:25 IST">
          <reporter-output>
          </reporter-output>
        </test-method> <!-- uiElements -->
      </class> <!-- SeleniumAutomation.MavenJava.SeleniumTest -->
      <class name="SeleniumAutomation.MavenJava.RestAPITest">
        <test-method status="PASS" signature="errorCode()[pri:0, instance:SeleniumAutomation.MavenJava.RestAPITest@78c03f1f]" name="errorCode" duration-ms="1" started-at="2021-05-25T06:41:25 IST" finished-at="2021-05-25T06:41:25 IST">
          <reporter-output>
          </reporter-output>
        </test-method> <!-- errorCode -->
        <test-method status="PASS" signature="postJira()[pri:0, instance:SeleniumAutomation.MavenJava.RestAPITest@78c03f1f]" name="postJira" duration-ms="1" started-at="2021-05-25T06:41:25 IST" finished-at="2021-05-25T06:41:25 IST">
          <reporter-output>
          </reporter-output>
        </test-method> <!-- postJira -->
      </class> <!-- SeleniumAutomation.MavenJava.RestAPITest -->
    </test> <!-- Test -->
  </suite> <!-- Suite -->
</testng-results>
